261
99590 -287544 373 0
211954 -306840 1333 0
251515 -312183 1671 0
208144 311816 3281 0
176352 307131 3561 0
144566 304660 3824 0
107665 298172 4158 0
49830 294213 4634 0
151717 -465105 11895 0
181490 -468434 12150 0
155903 138601 14804 0
-48942 115685 16555 0
-51140 115642 16574 0
52280 -38141 26767 0
23186 -41765 27016 0
-54011 531570 32291 0
103881 510310 33640 0
187376 495434 34354 0
13861 -211175 38172 0
-34598 -214714 38587 0
-75905 -220377 38940 0
35736 345965 44172 0
72395 341191 44490 0
121560 338472 44868 0
193031 327217 45479 0
212232 324728 45643 0
166638 -356805 47944 0
91217 -366208 48588 0
53193 182381 55361 0
110446 174050 55850 0
140477 172177 56107 0
176005 167222 56411 0
191567 164736 56544 0
72522 14482 66603 0
150530 436646 81327 0
70548 427019 81996 0
12309 421205 82493 0
2098 419530 82581 0
29769 -313643 88391 0
79390 -318319 88816 0
122799 -322561 89187 0
167259 -332471 89567 0
209231 -338945 89925 0
253460 -343069 90303 0
217925 279295 91817 0
200221 276757 91986 0
99515 264655 92825 0
153844 -498077 100529 0
181768 -501826 100767 0
-45561 83442 105142 0
173023 632501 111770 0
-55421 494825 120894 0
-26061 487663 121145 0
117709 472499 122374 0
122891 471565 122418 0
176316 463415 122875 0
227946 456277 123316 0
9713 -242471 126823 0
-18187 -248590 127062 0
-122275 -262847 127959 0
65400 310901 133004 0
90761 306468 133220 0
120221 302563 133472 0
164941 300170 133854 0
196671 295095 134126 0
139492 -395600 136810 0
100310 -400852 137160 0
-52509 161142 143073 0
11743 158269 143622 0
113851 137805 144495 0
146886 135445 144777 0
196299 134124 145199 0
11881 -9111 154700 0
61753 -21308 155126 0
200573 577316 158423 0
-65681 543455 160698 0
-45131 -167684 165290 0
-30556 -170989 165414 0
182044 408101 169658 0
152854 405914 169907 0
138689 403150 170029 0
103991 398982 170325 0
-10877 382111 171362 0
86966 -353641 177496 0
104736 -357526 177648 0
162412 -365232 178141 0
176131 240487 180804 0
132309 236463 181160 0
97670 232457 181456 0
178970 -535186 189359 0
193718 -537363 189485 0
126510 68711 192286 0
-86319 628509 198168 0
156908 598965 200247 0
-52982 464576 209530 0
104969 438393 210880 0
150218 437384 211267 0
207742 426424 211759 0
213883 425504 211811 0
145692 -262071 214308 0
106602 -266299 214610 0
15384 -274757 215390 0
32783 285342 221340 0
39718 285225 221400 0
44867 284465 221444 0
74303 278131 221695 0
90811 276393 221836 0
115404 273030 222046 0
187847 267154 222666 0
138113 -427205 225418 0
51480 118859 232577 0
91028 112807 232915 0
116667 108427 233134 0
164932 104103 233547 0
192910 98405 233786 0
201158 97452 233856 0
169065 -589507 236230 0
43526 -48421 243586 0
177327 540449 247237 0
-31976 516322 249026 0
-50479 -207916 253897 0
-3066 -209368 254265 0
118174 -228257 255301 0
136420 -230827 255457 0
169124 -235005 255736 0
186368 -235096 255884 0
229909 381451 257864 0
61018 -386719 265889 0
96412 -389563 266192 0
137163 -397022 266540 0
172846 -402433 266865 0
199091 -405177 267069 0
248320 -405706 267490 0
151078 205043 269615 0
117478 200913 269902 0
163263 -562625 277840 0
121492 36433 280945 0
175082 563714 289018 0
210490 563051 289321 0
-41569 -148470 293415 0
50154 410437 299074 0
109252 406618 299532 0
141704 399791 299810 0
169043 398983 300043 0
199976 397973 300308 0
242487 388119 300671 0
87306 -299987 303391 0
85786 241713 310409 0
144059 234971 310907 0
192782 226374 311345 0
245985 222617 311778 0
-61058 99428 320231 0
-25698 92763 320533 0
4109 90831 320788 0
63988 83327 321299 0
89039 77018 321513 0
117827 72169 321759 0
169350 65365 322200 0
278190 50970 323130 0
207753 510455 335606 0
126010 500617 336291 0
-61861 -233341 342378 0
-52322 -235044 342459 0
-38492 -235900 342577 0
-18513 -239836 342748 0
-5405 -241926 342860 0
-377 -242433 342903 0
119167 -256485 343925 0
152489 -262155 344210 0
179783 -267033 344443 0
219580 -273364 344783 0
265025 -281177 345181 0
215813 346759 346600 0
183835 342250 346873 0
150245 338878 347161 0
125257 335013 347374 0
61004 324981 347971 0
134674 -428245 355134 0
147347 -428490 355243 0
188575 -433714 355595 0
221920 -441652 355880 0
130605 168691 358405 0
105573 165201 358623 0
43079 157103 359163 0
22122 154024 359368 0
158883 -596607 366418 0
113981 927 369624 0
94874 -171 369788 0
60468 -7108 370110 0
161010 529362 377545 0
212825 527469 377956 0
-1825 -181064 381707 0
-40966 -184531 382026 0
32290 381716 387490 0
70294 377834 387815 0
129222 373443 388318 0
139735 372279 388408 0
158495 368920 388569 0
180600 364580 388758 0
226598 354711 389189 0
282300 352733 389627 0
179609 -322835 391217 0
83482 -335596 392039 0
125237 204357 399361 0
168075 201242 399727 0
185047 200189 399872 0
211699 196468 400100 0
-66862 66295 408796 0
-47481 63520 408962 0
-4964 56797 409325 0
16838 53260 409512 0
101228 38550 410266 0
153650 32392 410681 0
213907 -647933 413078 0
175748 639452 413406 0
-32071 450097 426257 0
-41956 449685 426342 0
-51076 448321 426420 0
-68664 445374 426570 0
-124242 -264248 430460 0
-21398 -271148 431339 0
-6057 -272360 431470 0
45526 -281781 431911 0
107307 -293795 432439 0
268648 -308799 433818 0
170375 306190 435624 0
87627 298219 436311 0
182644 -462871 444160 0
195305 491959 466439 0
-86629 -223536 471031 0
80251 345806 476515 0
90600 343313 476604 0
206141 328409 477591 0
82465 -368897 480663 0
111993 175210 487863 0
150171 169682 488190 0
180358 165987 488448 0
74005 8665 498659 0
87552 -323987 520885 0
143513 -330224 521364 0
180700 275269 524131 0
131237 475100 554489 0
143773 472139 554597 0
-7901 -247588 558974 0
-25447 -248416 559124 0
104508 307210 565338 0
132150 307179 565574 0
154308 303410 565764 0
176945 301639 565957 0
86963 -399316 569240 0
80738 -400103 569293 0
55506 144947 575996 0
149859 140045 576802 0
168214 136811 576959 0
13245 -16237 586719 0
47929 -19967 587008 0
90884 -20567 587375 0
-70623 540643 592793 0
-37288 -174062 597357 0
88877 395243 602487 0
-12405 382838 603363 0
